000 (438250.002.000) 04/20 16:18:01 Job submitted from host: <10.0.0.254:13516?addrs=10.0.0.254-13516>
...
001 (438250.002.000) 04/20 16:18:15 Job executing on host: <10.0.0.7:27860?addrs=10.0.0.7-27860>
...
006 (438250.002.000) 04/20 16:18:23 Image size of job updated: 20
	4  -  MemoryUsage of job (MB)
	4068  -  ResidentSetSize of job (KB)
...
006 (438250.002.000) 04/20 16:18:32 Image size of job updated: 38420
	4  -  MemoryUsage of job (MB)
	4068  -  ResidentSetSize of job (KB)
...
005 (438250.002.000) 04/20 16:18:32 Job terminated.
	(1) Normal termination (return value 0)
		Usr 0 00:00:12, Sys 0 00:00:00  -  Run Remote Usage
		Usr 0 00:00:00, Sys 0 00:00:00  -  Run Local Usage
		Usr 0 00:00:12, Sys 0 00:00:00  -  Total Remote Usage
		Usr 0 00:00:00, Sys 0 00:00:00  -  Total Local Usage
	0  -  Run Bytes Sent By Job
	0  -  Run Bytes Received By Job
	0  -  Total Bytes Sent By Job
	0  -  Total Bytes Received By Job
	Partitionable Resources :    Usage  Request Allocated
	   Cpus                 :                 1         1
	   Disk (KB)            :       20       20  26194054
	   Memory (MB)          :        4     4000      4000
...
