000 (422353.000.000) 04/08 18:29:07 Job submitted from host: <10.0.0.254:13516?addrs=10.0.0.254-13516>
...
001 (422353.000.000) 04/08 18:29:25 Job executing on host: <10.0.0.6:62037?addrs=10.0.0.6-62037>
...
006 (422353.000.000) 04/08 18:29:27 Image size of job updated: 23852
	0  -  MemoryUsage of job (MB)
	0  -  ResidentSetSize of job (KB)
...
005 (422353.000.000) 04/08 18:29:28 Job terminated.
	(1) Normal termination (return value 0)
		Usr 0 00:00:00, Sys 0 00:00:00  -  Run Remote Usage
		Usr 0 00:00:00, Sys 0 00:00:00  -  Run Local Usage
		Usr 0 00:00:00, Sys 0 00:00:00  -  Total Remote Usage
		Usr 0 00:00:00, Sys 0 00:00:00  -  Total Local Usage
	0  -  Run Bytes Sent By Job
	0  -  Run Bytes Received By Job
	0  -  Total Bytes Sent By Job
	0  -  Total Bytes Received By Job
	Partitionable Resources :    Usage  Request Allocated
	   Cpus                 :                 1         1
	   Disk (KB)            :       20       20  40063472
	   Memory (MB)          :        0     4000      5000
...
