000 (438314.000.000) 04/20 17:38:27 Job submitted from host: <10.0.0.254:13516?addrs=10.0.0.254-13516>
...
001 (438314.000.000) 04/20 17:38:27 Job executing on host: <10.0.0.7:27860?addrs=10.0.0.7-27860>
...
006 (438314.000.000) 04/20 17:38:35 Image size of job updated: 26196
	6  -  MemoryUsage of job (MB)
	5124  -  ResidentSetSize of job (KB)
...
006 (438314.000.000) 04/20 17:43:35 Image size of job updated: 39436
	9  -  MemoryUsage of job (MB)
	9124  -  ResidentSetSize of job (KB)
...
005 (438314.000.000) 04/20 17:44:54 Job terminated.
	(1) Normal termination (return value 2)
		Usr 0 00:06:24, Sys 0 00:00:00  -  Run Remote Usage
		Usr 0 00:00:00, Sys 0 00:00:00  -  Run Local Usage
		Usr 0 00:06:24, Sys 0 00:00:00  -  Total Remote Usage
		Usr 0 00:00:00, Sys 0 00:00:00  -  Total Local Usage
	0  -  Run Bytes Sent By Job
	0  -  Run Bytes Received By Job
	0  -  Total Bytes Sent By Job
	0  -  Total Bytes Received By Job
	Partitionable Resources :    Usage  Request Allocated
	   Cpus                 :                 1         1
	   Disk (KB)            :       20       20  26193807
	   Memory (MB)          :        9     4000      4000
...
