000 (438498.001.000) 04/28 10:53:04 Job submitted from host: <10.0.0.254:13516?addrs=10.0.0.254-13516>
...
001 (438498.001.000) 04/28 10:53:04 Job executing on host: <10.0.0.7:27860?addrs=10.0.0.7-27860>
...
006 (438498.001.000) 04/28 10:53:07 Image size of job updated: 24376
	0  -  MemoryUsage of job (MB)
	0  -  ResidentSetSize of job (KB)
...
005 (438498.001.000) 04/28 10:53:07 Job terminated.
	(1) Normal termination (return value 0)
		Usr 0 00:00:00, Sys 0 00:00:00  -  Run Remote Usage
		Usr 0 00:00:00, Sys 0 00:00:00  -  Run Local Usage
		Usr 0 00:00:00, Sys 0 00:00:00  -  Total Remote Usage
		Usr 0 00:00:00, Sys 0 00:00:00  -  Total Local Usage
	0  -  Run Bytes Sent By Job
	0  -  Run Bytes Received By Job
	0  -  Total Bytes Sent By Job
	0  -  Total Bytes Received By Job
	Partitionable Resources :    Usage  Request Allocated
	   Cpus                 :                 1         1
	   Disk (KB)            :       20       20  26055214
	   Memory (MB)          :        0     4000      4000
...
