000 (594148.001.000) 06/23 11:44:47 Job submitted from host: <10.0.0.254:13516?addrs=10.0.0.254-13516>
...
001 (594148.001.000) 06/23 11:44:47 Job executing on host: <10.0.0.1:31508?addrs=10.0.0.1-31508>
...
006 (594148.001.000) 06/23 11:44:55 Image size of job updated: 20
	5  -  MemoryUsage of job (MB)
	4116  -  ResidentSetSize of job (KB)
...
006 (594148.001.000) 06/23 11:46:54 Image size of job updated: 48652
	5  -  MemoryUsage of job (MB)
	4116  -  ResidentSetSize of job (KB)
...
005 (594148.001.000) 06/23 11:46:54 Job terminated.
	(1) Normal termination (return value 0)
		Usr 0 00:01:59, Sys 0 00:00:00  -  Run Remote Usage
		Usr 0 00:00:00, Sys 0 00:00:00  -  Run Local Usage
		Usr 0 00:01:59, Sys 0 00:00:00  -  Total Remote Usage
		Usr 0 00:00:00, Sys 0 00:00:00  -  Total Local Usage
	0  -  Run Bytes Sent By Job
	0  -  Run Bytes Received By Job
	0  -  Total Bytes Sent By Job
	0  -  Total Bytes Received By Job
	Partitionable Resources :    Usage  Request Allocated
	   Cpus                 :                 1         1
	   Disk (KB)            :       20       20  39708314
	   Memory (MB)          :        5     4000      5000
...
