000 (438482.002.000) 04/25 15:48:07 Job submitted from host: <10.0.0.254:13516?addrs=10.0.0.254-13516>
...
001 (438482.002.000) 04/25 15:48:08 Job executing on host: <10.0.0.7:27860?addrs=10.0.0.7-27860>
...
006 (438482.002.000) 04/25 15:48:11 Image size of job updated: 20
	0  -  MemoryUsage of job (MB)
	0  -  ResidentSetSize of job (KB)
...
005 (438482.002.000) 04/25 15:48:11 Job terminated.
	(1) Normal termination (return value 0)
		Usr 0 00:00:00, Sys 0 00:00:00  -  Run Remote Usage
		Usr 0 00:00:00, Sys 0 00:00:00  -  Run Local Usage
		Usr 0 00:00:00, Sys 0 00:00:00  -  Total Remote Usage
		Usr 0 00:00:00, Sys 0 00:00:00  -  Total Local Usage
	0  -  Run Bytes Sent By Job
	0  -  Run Bytes Received By Job
	0  -  Total Bytes Sent By Job
	0  -  Total Bytes Received By Job
	Partitionable Resources :    Usage  Request Allocated
	   Cpus                 :                 1         1
	   Disk (KB)            :       20       20  26056851
	   Memory (MB)          :        0     4000      4000
...
